Detecting compiler hash for triplet arm64-linux...
Compiler found: /usr/bin/c++
The following packages will be built and installed:
    catch2:arm64-linux@3.8.1
    libedit:arm64-linux@2024-08-08
  * vcpkg-cmake:arm64-linux@2024-04-23
  * vcpkg-cmake-config:arm64-linux@2024-05-23
Additional packages (*) will be modified to complete this operation.
Restored 0 package(s) from /home/aaronfauni/.cache/vcpkg/archives in 5.75 us. Use --debug to see more details.
Installing 1/4 vcpkg-cmake-config:arm64-linux@2024-05-23...
Building vcpkg-cmake-config:arm64-linux@2024-05-23...
/home/aaronfauni/github/NativeDebugger/vcpkg/triplets/community/arm64-linux.cmake: info: loaded community triplet from here. Community triplets are not built in the curated registry and are thus less likely to succeed.
-- Installing: /home/aaronfauni/github/NativeDebugger/vcpkg/packages/vcpkg-cmake-config_arm64-linux/share/vcpkg-cmake-config/vcpkg_cmake_config_fixup.cmake
-- Installing: /home/aaronfauni/github/NativeDebugger/vcpkg/packages/vcpkg-cmake-config_arm64-linux/share/vcpkg-cmake-config/vcpkg-port-config.cmake
-- Installing: /home/aaronfauni/github/NativeDebugger/vcpkg/packages/vcpkg-cmake-config_arm64-linux/share/vcpkg-cmake-config/copyright
-- Skipping post-build validation due to VCPKG_POLICY_EMPTY_PACKAGE
Starting submission of vcpkg-cmake-config:arm64-linux@2024-05-23 to 1 binary cache(s) in the background
Elapsed time to handle vcpkg-cmake-config:arm64-linux: 9.82 ms
vcpkg-cmake-config:arm64-linux package ABI: 044131f656805187ad0d39bf09bcbb3741e129dda7982cda924811bc279f4495
Installing 2/4 vcpkg-cmake:arm64-linux@2024-04-23...
Building vcpkg-cmake:arm64-linux@2024-04-23...
/home/aaronfauni/github/NativeDebugger/vcpkg/triplets/community/arm64-linux.cmake: info: loaded community triplet from here. Community triplets are not built in the curated registry and are thus less likely to succeed.
-- Installing: /home/aaronfauni/github/NativeDebugger/vcpkg/packages/vcpkg-cmake_arm64-linux/share/vcpkg-cmake/vcpkg_cmake_configure.cmake
-- Installing: /home/aaronfauni/github/NativeDebugger/vcpkg/packages/vcpkg-cmake_arm64-linux/share/vcpkg-cmake/vcpkg_cmake_build.cmake
-- Installing: /home/aaronfauni/github/NativeDebugger/vcpkg/packages/vcpkg-cmake_arm64-linux/share/vcpkg-cmake/vcpkg_cmake_install.cmake
-- Installing: /home/aaronfauni/github/NativeDebugger/vcpkg/packages/vcpkg-cmake_arm64-linux/share/vcpkg-cmake/vcpkg-port-config.cmake
-- Installing: /home/aaronfauni/github/NativeDebugger/vcpkg/packages/vcpkg-cmake_arm64-linux/share/vcpkg-cmake/copyright
-- Performing post-build validation
Starting submission of vcpkg-cmake:arm64-linux@2024-04-23 to 1 binary cache(s) in the background
Elapsed time to handle vcpkg-cmake:arm64-linux: 9.93 ms
vcpkg-cmake:arm64-linux package ABI: 52d181ef9ac9041b31ceabf9bd25efc573e7ca3830a5ea2d2897a83b9aea66c8
error: zip --quiet -y -r /home/aaronfauni/github/NativeDebugger/vcpkg/packages/vcpkg-cmake-config_arm64-linux.zip * --exclude .DS_Store failed with exit code 127
sh: 1: zip: not found

Completed submission of vcpkg-cmake-config:arm64-linux@2024-05-23 to 0 binary cache(s) in 325 us
Installing 3/4 catch2:arm64-linux@3.8.1...
Building catch2:arm64-linux@3.8.1...
/home/aaronfauni/github/NativeDebugger/vcpkg/triplets/community/arm64-linux.cmake: info: loaded community triplet from here. Community triplets are not built in the curated registry and are thus less likely to succeed.
-- Using cached catchorg-Catch2-v3.8.1.tar.gz
-- Cleaning sources at /home/aaronfauni/github/NativeDebugger/vcpkg/buildtrees/catch2/src/v3.8.1-4ecc8cd582.clean. Use --editable to skip cleaning for the packages you specify.
-- Extracting source /home/aaronfauni/github/NativeDebugger/vcpkg/downloads/catchorg-Catch2-v3.8.1.tar.gz
-- Applying patch fix-install-path.patch
-- Using source at /home/aaronfauni/github/NativeDebugger/vcpkg/buildtrees/catch2/src/v3.8.1-4ecc8cd582.clean
-- Configuring arm64-linux
-- Building arm64-linux-dbg
-- Building arm64-linux-rel
-- Fixing pkgconfig file: /home/aaronfauni/github/NativeDebugger/vcpkg/packages/catch2_arm64-linux/lib/pkgconfig/catch2-with-main.pc
-- Fixing pkgconfig file: /home/aaronfauni/github/NativeDebugger/vcpkg/packages/catch2_arm64-linux/lib/pkgconfig/catch2.pc
-- Fixing pkgconfig file: /home/aaronfauni/github/NativeDebugger/vcpkg/packages/catch2_arm64-linux/debug/lib/pkgconfig/catch2-with-main.pc
-- Fixing pkgconfig file: /home/aaronfauni/github/NativeDebugger/vcpkg/packages/catch2_arm64-linux/debug/lib/pkgconfig/catch2.pc
-- Installing: /home/aaronfauni/github/NativeDebugger/vcpkg/packages/catch2_arm64-linux/share/catch2/copyright
-- Performing post-build validation
Starting submission of catch2:arm64-linux@3.8.1 to 1 binary cache(s) in the background
Elapsed time to handle catch2:arm64-linux: 16 s
catch2:arm64-linux package ABI: 19840b4108e3ca5386d7db0dc220755ee2e6c2fa3a6bce23cac6077fa315ab71
error: zip --quiet -y -r /home/aaronfauni/github/NativeDebugger/vcpkg/packages/vcpkg-cmake_arm64-linux.zip * --exclude .DS_Store failed with exit code 127
sh: 1: zip: not found

Completed submission of vcpkg-cmake:arm64-linux@2024-04-23 to 0 binary cache(s) in 303 us
Installing 4/4 libedit:arm64-linux@2024-08-08...
Building libedit:arm64-linux@2024-08-08...
/home/aaronfauni/github/NativeDebugger/vcpkg/triplets/community/arm64-linux.cmake: info: loaded community triplet from here. Community triplets are not built in the curated registry and are thus less likely to succeed.
libedit currently requires the following programs from the system package manager:
    autoconf autoheader aclocal automake libtoolize
On Debian and Ubuntu derivatives:
    sudo apt install autoconf libtool
On recent Red Hat and Fedora derivatives:
    sudo dnf install autoconf libtool
On Arch Linux and derivatives:
    sudo pacman -S autoconf automake libtool
On Alpine:
    apk add autoconf automake libtool
-- Using cached libedit-20240808-3.1.tar.gz
-- Cleaning sources at /home/aaronfauni/github/NativeDebugger/vcpkg/buildtrees/libedit/src/20240808-3-eb4c8bbbd6.clean. Use --editable to skip cleaning for the packages you specify.
-- Extracting source /home/aaronfauni/github/NativeDebugger/vcpkg/downloads/libedit-20240808-3.1.tar.gz
-- Using source at /home/aaronfauni/github/NativeDebugger/vcpkg/buildtrees/libedit/src/20240808-3-eb4c8bbbd6.clean
-- Getting CMake variables for arm64-linux-dbg
-- Getting CMake variables for arm64-linux-rel
-- Generating configure for arm64-linux
-- Finished generating configure for arm64-linux
-- Configuring arm64-linux-dbg
-- Configuring arm64-linux-rel
-- Building arm64-linux-dbg
-- Installing arm64-linux-dbg
-- Building arm64-linux-rel
-- Installing arm64-linux-rel
-- Fixing pkgconfig file: /home/aaronfauni/github/NativeDebugger/vcpkg/packages/libedit_arm64-linux/lib/pkgconfig/libedit.pc
-- Fixing pkgconfig file: /home/aaronfauni/github/NativeDebugger/vcpkg/packages/libedit_arm64-linux/debug/lib/pkgconfig/libedit.pc
-- Installing: /home/aaronfauni/github/NativeDebugger/vcpkg/packages/libedit_arm64-linux/share/libedit/copyright
-- Performing post-build validation
Starting submission of libedit:arm64-linux@2024-08-08 to 1 binary cache(s) in the background
Elapsed time to handle libedit:arm64-linux: 10 s
libedit:arm64-linux package ABI: 46af20b1bcd6f00ce1e48f224d4e223a0ce22d2781e4ba776d28558941cf2c6a
Installed contents are licensed to you by owners. Microsoft is not responsible for, nor does it grant any licenses to, third-party packages.
Packages installed in this vcpkg installation declare the following licenses:
BSD-4-Clause-UC
BSL-1.0
MIT
catch2 provides CMake targets:

  # this is heuristically generated, and may not be correct
  find_package(Catch2 CONFIG REQUIRED)
  target_link_libraries(main PRIVATE Catch2::Catch2 Catch2::Catch2WithMain)

catch2 provides pkg-config modules:

  # A modern, C++-native test framework for C++14 and above (links in default main)
  catch2-with-main

  # A modern, C++-native, test framework for C++14 and above
  catch2

libedit provides pkg-config modules:

  # command line editor library provides generic line editing, history, and tokenization functions.
  libedit

error: zip --quiet -y -r /home/aaronfauni/github/NativeDebugger/vcpkg/packages/catch2_arm64-linux.zip * --exclude .DS_Store failed with exit code 127
sh: 1: zip: not found

Completed submission of catch2:arm64-linux@3.8.1 to 0 binary cache(s) in 309 us
Waiting for 1 remaining binary cache submissions...
error: zip --quiet -y -r /home/aaronfauni/github/NativeDebugger/vcpkg/packages/libedit_arm64-linux.zip * --exclude .DS_Store failed with exit code 127
sh: 1: zip: not found

Completed submission of libedit:arm64-linux@2024-08-08 to 0 binary cache(s) in 341 us (1/1)
All requested installations completed successfully in: 26 s
